<?xml version="1.0" encoding="UTF-8"?>
<testsuite name="com.persons.finder.DemoApplicationTests" tests="1" skipped="0" failures="0" errors="0" timestamp="2026-02-23T21:54:43" hostname="IPLLAP154" time="3.042">
  <properties/>
  <testcase name="contextLoads()" classname="com.persons.finder.DemoApplicationTests" time="3.042"/>
  <system-out><![CDATA[10:53:59.887 [Test worker] DEBUG org.springframework.test.context.BootstrapUtils - Instantiating CacheAwareContextLoaderDelegate from class [org.springframework.test.context.cache.DefaultCacheAwareContextLoaderDelegate]
10:53:59.997 [Test worker] DEBUG org.springframework.test.context.BootstrapUtils - Instantiating BootstrapContext using constructor [public org.springframework.test.context.support.DefaultBootstrapContext(java.lang.Class,org.springframework.test.context.CacheAwareContextLoaderDelegate)]
10:54:00.254 [Test worker] DEBUG org.springframework.test.context.BootstrapUtils - Instantiating TestContextBootstrapper for test class [com.persons.finder.DemoApplicationTests] from class [org.springframework.boot.test.context.SpringBootTestContextBootstrapper]
10:54:00.398 [Test worker] INFO org.springframework.boot.test.context.SpringBootTestContextBootstrapper - Neither @ContextConfiguration nor @ContextHierarchy found for test class [com.persons.finder.DemoApplicationTests], using SpringBootContextLoader
10:54:00.440 [Test worker] DEBUG org.springframework.test.context.support.AbstractContextLoader - Did not detect default resource location for test class [com.persons.finder.DemoApplicationTests]: class path resource [com/persons/finder/DemoApplicationTests-context.xml] does not exist
10:54:00.446 [Test worker] DEBUG org.springframework.test.context.support.AbstractContextLoader - Did not detect default resource location for test class [com.persons.finder.DemoApplicationTests]: class path resource [com/persons/finder/DemoApplicationTestsContext.groovy] does not exist
10:54:00.447 [Test worker] INFO org.springframework.test.context.support.AbstractContextLoader - Could not detect default resource locations for test class [com.persons.finder.DemoApplicationTests]: no resource found for suffixes {-context.xml, Context.groovy}.
10:54:00.451 [Test worker] INFO org.springframework.test.context.support.AnnotationConfigContextLoaderUtils - Could not detect default configuration classes for test class [com.persons.finder.DemoApplicationTests]: DemoApplicationTests does not declare any static, non-private, non-final, nested classes annotated with @Configuration.
10:54:00.888 [Test worker] DEBUG org.springframework.test.context.support.ActiveProfilesUtils - Could not find an 'annotation declaring class' for annotation type [org.springframework.test.context.ActiveProfiles] and class [com.persons.finder.DemoApplicationTests]
10:54:01.496 [Test worker] DEBUG org.springframework.context.annotation.ClassPathScanningCandidateComponentProvider - Identified candidate component class: file [/mnt/c/Users/Karthick.Visvesh/iPayroll/code/github/Own project/DevOps Challenge/persons-finder-devops/build/classes/kotlin/main/com/persons/finder/ApplicationStarter.class]
10:54:01.515 [Test worker] INFO org.springframework.boot.test.context.SpringBootTestContextBootstrapper - Found @SpringBootConfiguration com.persons.finder.ApplicationStarter for test class com.persons.finder.DemoApplicationTests
10:54:02.670 [Test worker] DEBUG org.springframework.boot.test.context.SpringBootTestContextBootstrapper - @TestExecutionListeners is not present for class [com.persons.finder.DemoApplicationTests]: using defaults.
10:54:02.677 [Test worker] INFO org.springframework.boot.test.context.SpringBootTestContextBootstrapper - Loaded default TestExecutionListener class names from location [META-INF/spring.factories]: [org.springframework.boot.test.autoconfigure.restdocs.RestDocsTestExecutionListener, org.springframework.boot.test.autoconfigure.web.client.MockRestServiceServerResetTestExecutionListener, org.springframework.boot.test.autoconfigure.web.servlet.MockMvcPrintOnlyOnFailureTestExecutionListener, org.springframework.boot.test.autoconfigure.web.servlet.WebDriverTestExecutionListener, org.springframework.boot.test.autoconfigure.webservices.client.MockWebServiceServerTestExecutionListener, org.springframework.boot.test.mock.mockito.MockitoTestExecutionListener, org.springframework.boot.test.mock.mockito.ResetMocksTestExecutionListener, org.springframework.test.context.web.ServletTestExecutionListener, org.springframework.test.context.support.DirtiesContextBeforeModesTestExecutionListener, org.springframework.test.context.event.ApplicationEventsTestExecutionListener, org.springframework.test.context.support.DependencyInjectionTestExecutionListener, org.springframework.test.context.support.DirtiesContextTestExecutionListener, org.springframework.test.context.transaction.TransactionalTestExecutionListener, org.springframework.test.context.jdbc.SqlScriptsTestExecutionListener, org.springframework.test.context.event.EventPublishingTestExecutionListener]
10:54:02.913 [Test worker] INFO org.springframework.boot.test.context.SpringBootTestContextBootstrapper - Using TestExecutionListeners: [org.springframework.test.context.web.ServletTestExecutionListener@25748410, org.springframework.test.context.support.DirtiesContextBeforeModesTestExecutionListener@2b43529a, org.springframework.test.context.event.ApplicationEventsTestExecutionListener@4264b240, org.springframework.boot.test.mock.mockito.MockitoTestExecutionListener@5b04476e, org.springframework.boot.test.autoconfigure.SpringBootDependencyInjectionTestExecutionListener@5ad10c1a, org.springframework.test.context.support.DirtiesContextTestExecutionListener@6bb75258, org.springframework.test.context.transaction.TransactionalTestExecutionListener@c260bdc, org.springframework.test.context.jdbc.SqlScriptsTestExecutionListener@75e01201, org.springframework.test.context.event.EventPublishingTestExecutionListener@2783717b, org.springframework.boot.test.autoconfigure.restdocs.RestDocsTestExecutionListener@76f7d241, org.springframework.boot.test.autoconfigure.web.client.MockRestServiceServerResetTestExecutionListener@4a335fa8, org.springframework.boot.test.autoconfigure.web.servlet.MockMvcPrintOnlyOnFailureTestExecutionListener@3f363cf5, org.springframework.boot.test.autoconfigure.web.servlet.WebDriverTestExecutionListener@3829ac1, org.springframework.boot.test.autoconfigure.webservices.client.MockWebServiceServerTestExecutionListener@4baf352a, org.springframework.boot.test.mock.mockito.ResetMocksTestExecutionListener@1bb1fde8]
10:54:02.953 [Test worker] DEBUG org.springframework.test.context.support.AbstractDirtiesContextTestExecutionListener - Before test class: context [DefaultTestContext@275fe372 testClass = DemoApplicationTests, testInstance = [null], testMethod = [null], testException = [null], mergedContextConfiguration = [WebMergedContextConfiguration@40e10ff8 testClass = DemoApplicationTests, locations = '{}', classes = '{class com.persons.finder.ApplicationStarter}', contextInitializerClasses = '[]', activeProfiles = '{}', propertySourceLocations = '{}', propertySourceProperties = '{org.springframework.boot.test.context.SpringBootTestContextBootstrapper=true}', contextCustomizers = set[org.springframework.boot.test.autoconfigure.actuate.metrics.MetricsExportContextCustomizerFactory$DisableMetricExportContextCustomizer@5c2375a9, org.springframework.boot.test.autoconfigure.properties.PropertyMappingContextCustomizer@0, org.springframework.boot.test.autoconfigure.web.servlet.WebDriverContextCustomizerFactory$Customizer@4ae9cfc1, org.springframework.boot.test.context.filter.ExcludeFilterContextCustomizer@1458ed9c, org.springframework.boot.test.json.DuplicateJsonObjectContextCustomizerFactory$DuplicateJsonObjectContextCustomizer@363a52f, org.springframework.boot.test.mock.mockito.MockitoContextCustomizer@0, org.springframework.boot.test.web.client.TestRestTemplateContextCustomizer@30e868be, org.springframework.boot.test.context.SpringBootTestArgs@1, org.springframework.boot.test.context.SpringBootTestWebEnvironment@fa36558], resourceBasePath = 'src/main/webapp', contextLoader = 'org.springframework.boot.test.context.SpringBootContextLoader', parent = [null]], attributes = map['org.springframework.test.context.web.ServletTestExecutionListener.activateListener' -> true]], class annotated with @DirtiesContext [false] with mode [null].

  .   ____          _            __ _ _
 /\\ / ___'_ __ _ _(_)_ __  __ _ \ \ \ \
( ( )\___ | '_ | '_| | '_ \/ _` | \ \ \ \
 \\/  ___)| |_)| | | | | || (_| |  ) ) ) )
  '  |____| .__|_| |_|_| |_\__, | / / / /
 =========|_|==============|___/=/_/_/_/
 :: Spring Boot ::                (v2.7.0)

2026-02-24 10:54:05.393  INFO 32803 --- [    Test worker] com.persons.finder.DemoApplicationTests  : Starting DemoApplicationTests using Java 17.0.18 on IPLLAP154 with PID 32803 (started by karthick-visvesh in /mnt/c/Users/Karthick.Visvesh/iPayroll/code/github/Own project/DevOps Challenge/persons-finder-devops)
2026-02-24 10:54:05.397  INFO 32803 --- [    Test worker] com.persons.finder.DemoApplicationTests  : No active profile set, falling back to 1 default profile: "default"
2026-02-24 10:54:10.712  INFO 32803 --- [    Test worker] .s.d.r.c.RepositoryConfigurationDelegate : Bootstrapping Spring Data JPA repositories in DEFAULT mode.
2026-02-24 10:54:10.992  INFO 32803 --- [    Test worker] .s.d.r.c.RepositoryConfigurationDelegate : Finished Spring Data repository scanning in 208 ms. Found 0 JPA repository interfaces.
2026-02-24 10:54:15.063  INFO 32803 --- [    Test worker] com.zaxxer.hikari.HikariDataSource       : HikariPool-1 - Starting...
2026-02-24 10:54:17.618  INFO 32803 --- [    Test worker] com.zaxxer.hikari.HikariDataSource       : HikariPool-1 - Start completed.
2026-02-24 10:54:18.323  INFO 32803 --- [    Test worker] o.hibernate.jpa.internal.util.LogHelper  : HHH000204: Processing PersistenceUnitInfo [name: default]
2026-02-24 10:54:19.074  INFO 32803 --- [    Test worker] org.hibernate.Version                    : HHH000412: Hibernate ORM core version 5.6.9.Final
2026-02-24 10:54:21.288  INFO 32803 --- [    Test worker] o.hibernate.annotations.common.Version   : HCANN000001: Hibernate Commons Annotations {5.1.2.Final}
2026-02-24 10:54:24.547  INFO 32803 --- [    Test worker] org.hibernate.dialect.Dialect            : HHH000400: Using dialect: org.hibernate.dialect.H2Dialect
2026-02-24 10:54:27.738  INFO 32803 --- [    Test worker] o.h.e.t.j.p.i.JtaPlatformInitiator       : HHH000490: Using JtaPlatform implementation: [org.hibernate.engine.transaction.jta.platform.internal.NoJtaPlatform]
2026-02-24 10:54:27.929  INFO 32803 --- [    Test worker] j.LocalContainerEntityManagerFactoryBean : Initialized JPA EntityManagerFactory for persistence unit 'default'
2026-02-24 10:54:35.052  WARN 32803 --- [    Test worker] JpaBaseConfiguration$JpaWebConfiguration : spring.jpa.open-in-view is enabled by default. Therefore, database queries may be performed during view rendering. Explicitly configure spring.jpa.open-in-view to disable this warning
2026-02-24 10:54:42.745  INFO 32803 --- [    Test worker] com.persons.finder.DemoApplicationTests  : Started DemoApplicationTests in 37.798 seconds (JVM running for 45.183)
]]></system-out>
  <system-err><![CDATA[]]></system-err>
</testsuite>
